[Licensing::Module] Trying to connect to existing licensing client channel...
Built from '6000.2/staging' branch; Version is '6000.2.12f1 (e89d5df0e333) revision 15244637'; Using compiler version '194234433'; Build Type 'Release'
[Licensing::IpcConnector] Successfully connected to: "LicenseClient-jwh56" at "2025-11-14T01:47:25.2365381Z"
OS: 'Windows 11  (10.0.26100) 64bit Professional' Language: 'ko' Physical Memory: 15697 MB
BatchMode: 1, IsHumanControllingUs: 0, StartBugReporterOnCrash: 0, Is64bit: 1
Date: 2025-11-14T01:47:25Z

COMMAND LINE ARGUMENTS:
C:\Program Files\Unity\Hub\Editor\6000.2.12f1\Editor\Unity.exe
-adb2
-batchMode
-noUpm
-name
AssetImportWorker0
-projectPath
C:/Users/jwh56/My project (2)
-logFile
Logs/AssetImportWorker0.log
-srvPort
58522
-job-worker-count
7
-background-job-worker-count
8
-gc-helper-count
1
-name
AssetImport
Successfully changed project path to: C:/Users/jwh56/My project (2)
C:/Users/jwh56/My project (2)
[UnityMemory] Configuration Parameters - Can be set up in boot.config
    "memorysetup-allocator-temp-initial-block-size-main=262144"
    "memorysetup-allocator-temp-initial-block-size-worker=262144"
    "memorysetup-bucket-allocator-granularity=16"
    "memorysetup-bucket-allocator-bucket-count=8"
    "memorysetup-bucket-allocator-block-size=33554432"
    "memorysetup-bucket-allocator-block-count=8"
    "memorysetup-main-allocator-block-size=16777216"
    "memorysetup-thread-allocator-block-size=16777216"
    "memorysetup-gfx-main-allocator-block-size=16777216"
    "memorysetup-gfx-thread-allocator-block-size=16777216"
    "memorysetup-cache-allocator-block-size=4194304"
    "memorysetup-typetree-allocator-block-size=2097152"
    "memorysetup-profiler-bucket-allocator-granularity=16"
    "memorysetup-profiler-bucket-allocator-bucket-count=8"
    "memorysetup-profiler-bucket-allocator-block-size=33554432"
    "memorysetup-profiler-bucket-allocator-block-count=8"
    "memorysetup-profiler-allocator-block-size=16777216"
    "memorysetup-profiler-editor-allocator-block-size=1048576"
    "memorysetup-temp-allocator-size-main=16777216"
    "memorysetup-job-temp-allocator-block-size=2097152"
    "memorysetup-job-temp-allocator-block-size-background=1048576"
    "memorysetup-job-temp-allocator-reduction-small-platforms=262144"
    "memorysetup-temp-allocator-size-background-worker=32768"
    "memorysetup-temp-allocator-size-job-worker=262144"
    "memorysetup-temp-allocator-size-preload-manager=33554432"
    "memorysetup-temp-allocator-size-nav-mesh-worker=65536"
    "memorysetup-temp-allocator-size-audio-worker=65536"
    "memorysetup-temp-allocator-size-cloud-worker=32768"
    "memorysetup-temp-allocator-size-gi-baking-worker=262144"
    "memorysetup-temp-allocator-size-gi-baking-worker=262144"
    "memorysetup-temp-allocator-size-gi-baking-worker=262144"
    "memorysetup-temp-allocator-size-gi-baking-worker=262144"
    "memorysetup-temp-allocator-size-gi-baking-worker=262144"
    "memorysetup-temp-allocator-size-gfx=262144"
Player connection [2224]  Target information:

Player connection [2224]  * "[IP] 192.168.204.1 [Port] 0 [Flags] 2 [Guid] 3065292909 [EditorId] 3065292909 [Version] 1048832 [Id] WindowsEditor(7,DESKTOP-75IT1KA) [Debug] 1 [PackageName] WindowsEditor [ProjectName] Editor" 

Player connection [2224]  * "[IP] 192.168.10.1 [Port] 0 [Flags] 2 [Guid] 3065292909 [EditorId] 3065292909 [Version] 1048832 [Id] WindowsEditor(7,DESKTOP-75IT1KA) [Debug] 1 [PackageName] WindowsEditor [ProjectName] Editor" 

Player connection [2224]  * "[IP] 172.30.18.243 [Port] 0 [Flags] 2 [Guid] 3065292909 [EditorId] 3065292909 [Version] 1048832 [Id] WindowsEditor(7,DESKTOP-75IT1KA) [Debug] 1 [PackageName] WindowsEditor [ProjectName] Editor" 

Player connection [2224] Host joined multi-casting on [225.0.0.222:54997]...
Player connection [2224] Host joined alternative multi-casting on [225.0.0.222:34997]...
JobSystem: Creating JobQueue using job-worker-count value 7
Input System module state changed to: Initialized.
[Physics::Module] Initialized fallback backend.
[Physics::Module] Id: 0xdecafbad
Library Redirect Path: Library/
[Physics::Module] Selected backend.
[Physics::Module] Name: PhysX
[Physics::Module] Id: 0xf2b8ea05
[Physics::Module] SDK Version: 4.1.2
[Physics::Module] Integration Version: 1.0.0
[Physics::Module] Threading Mode: Multi-Threaded
Refreshing native plugins compatible for Editor in 6.21 ms, found 3 plugins.
Preloading 0 native plugins for Editor in 0.00 ms.
Initialize engine version: 6000.2.12f1 (e89d5df0e333)
[Subsystems] Discovering subsystems at path C:/Program Files/Unity/Hub/Editor/6000.2.12f1/Editor/Data/Resources/UnitySubsystems
[Subsystems] Discovering subsystems at path C:/Users/jwh56/My project (2)/Assets
GfxDevice: creating device client; kGfxThreadingModeNonThreaded
Direct3D:
    Version:  Direct3D 11.0 [level 11.1]
    Renderer: AMD Radeon(TM) Graphics (ID=0x1636)
    Vendor:   ATI
    VRAM:     7848 MB
    Driver:   31.0.21018.23005
Initialize mono
Mono path[0] = 'C:/Program Files/Unity/Hub/Editor/6000.2.12f1/Editor/Data/Managed'
Mono path[1] = 'C:/Program Files/Unity/Hub/Editor/6000.2.12f1/Editor/Data/MonoBleedingEdge/lib/mono/unityjit-win32'
Mono config path = 'C:/Program Files/Unity/Hub/Editor/6000.2.12f1/Editor/Data/MonoBleedingEdge/etc'
Using monoOptions --debugger-agent=transport=dt_socket,embedding=1,server=y,suspend=n,address=127.0.0.1:56048
Begin MonoManager ReloadAssembly
Registering precompiled unity dll's ...
Register platform support module: C:/Program Files/Unity/Hub/Editor/6000.2.12f1/Editor/Data/PlaybackEngines/WebGLSupport/UnityEditor.WebGL.Extensions.dll
Register platform support module: C:/Program Files/Unity/Hub/Editor/6000.2.12f1/Editor/Data/PlaybackEngines/WindowsStandaloneSupport/UnityEditor.WindowsStandalone.Extensions.dll
Registered in 0.004746 seconds.
- Loaded All Assemblies, in  0.751 seconds
Native extension for WindowsStandalone target not found
Native extension for WebGL target not found
Mono: successfully reloaded assembly
- Finished resetting the current domain, in  0.689 seconds
Domain Reload Profiling: 1435ms
	BeginReloadAssembly (249ms)
		ExecutionOrderSort (0ms)
		DisableScriptedObjects (0ms)
		BackupInstance (0ms)
		ReleaseScriptingObjects (0ms)
		CreateAndSetChildDomain (1ms)
	RebuildCommonClasses (65ms)
	RebuildNativeTypeToScriptingClass (23ms)
	initialDomainReloadingComplete (86ms)
	LoadAllAssembliesAndSetupDomain (322ms)
		LoadAssemblies (241ms)
		RebuildTransferFunctionScriptingTraits (0ms)
		AnalyzeDomain (317ms)
			TypeCache.Refresh (314ms)
				TypeCache.ScanAssembly (291ms)
			BuildScriptInfoCaches (0ms)
			ResolveRequiredComponents (1ms)
	FinalizeReload (690ms)
		ReleaseScriptCaches (0ms)
		RebuildScriptCaches (0ms)
		SetupLoadedEditorAssemblies (607ms)
			LogAssemblyErrors (0ms)
			InitializePlatformSupportModulesInManaged (102ms)
			SetLoadedEditorAssemblies (8ms)
			BeforeProcessingInitializeOnLoad (148ms)
			ProcessInitializeOnLoadAttributes (248ms)
			ProcessInitializeOnLoadMethodAttributes (101ms)
			AfterProcessingInitializeOnLoad (0ms)
			EditorAssembliesLoaded (0ms)
		ExecutionOrderSort2 (0ms)
		AwakeInstancesAfterBackupRestoration (0ms)
========================================================================
Worker process is ready to serve import requests
Import Worker Mode flag is 0x00
Begin MonoManager ReloadAssembly
[Licensing::Module] Licensing is not yet initialized.
[Licensing::Client] Error: HandshakeResponse reported an error:
	ResponseCode: 505
	ResponseStatus: Unsupported protocol version '1.17.4'.
[Licensing::Module] Error: Failed to handshake to channel: "LicenseClient-jwh56"
[Licensing::IpcConnector] LicenseClient-jwh56 channel disconnected successfully.
[Licensing::IpcConnector] Successfully connected to: "LicenseClient-jwh56-6000.2.12" at "2025-11-14T01:47:28.8104944Z"
[Licensing::Client] Handshaking with LicensingClient:
  Version:                 1.17.4+4293ba1
  Session Id:              408f8f90356f4129b4babeca019e1661
  Correlation Id:          e7390747e7871c22d753c57bb676e8d1
  External correlation Id: 7343880956195091994
  Machine Id:              WqZHt2XeqM3cwu7mio/LyuwlFEw=
[Licensing::Module] Successfully connected to LicensingClient on channel: "LicenseClient-jwh56-6000.2.12" (connect: 0.00s, validation: 0.00s, handshake: 2.95s)
[Licensing::IpcConnector] Successfully connected to: "LicenseClient-jwh56-6000.2.12-notifications" at "2025-11-14T01:47:31.766294Z"
[Licensing::Module] Licensing Background thread has ended after 6.53s
[Licensing::Module] Licensing is initialized (took 3.64s).
[Licensing::Client] Successfully resolved entitlement details
[Licensing::Module] License group:
  Id: F4-ARP4-2TZD-3CUN-ZGFA-XXXX
  Product: Unity Personal
  Type: ULF
  Expiration: 2025-12-22T02:44:26Z
[Licensing::Module] License group:
  Id: 14569691882734-UnityPersXXXX
  Product: Unity Personal
  Type: Assigned
  Expiration: Unlimited
- Loaded All Assemblies, in  5.258 seconds
Refreshing native plugins compatible for Editor in 2.30 ms, found 3 plugins.
Native extension for WindowsStandalone target not found
Native extension for WebGL target not found
Package Manager log level set to [2]
[Package Manager] Failed to launch server process. Reason: Unity was launched with the -noUpm command-line argument
[Package Manager] Unable to send message (not connected to server process).
[Package Manager] Cannot connect to Unity Package Manager local server
Mono: successfully reloaded assembly
- Finished resetting the current domain, in  1.335 seconds
Domain Reload Profiling: 6578ms
	BeginReloadAssembly (4004ms)
		ExecutionOrderSort (0ms)
		DisableScriptedObjects (14ms)
		BackupInstance (0ms)
		ReleaseScriptingObjects (0ms)
		CreateAndSetChildDomain (66ms)
	RebuildCommonClasses (70ms)
	RebuildNativeTypeToScriptingClass (22ms)
	initialDomainReloadingComplete (87ms)
	LoadAllAssembliesAndSetupDomain (1060ms)
		LoadAssemblies (794ms)
		RebuildTransferFunctionScriptingTraits (0ms)
		AnalyzeDomain (464ms)
			TypeCache.Refresh (346ms)
				TypeCache.ScanAssembly (321ms)
			BuildScriptInfoCaches (87ms)
			ResolveRequiredComponents (22ms)
	FinalizeReload (1336ms)
		ReleaseScriptCaches (0ms)
		RebuildScriptCaches (0ms)
		SetupLoadedEditorAssemblies (970ms)
			LogAssemblyErrors (0ms)
			InitializePlatformSupportModulesInManaged (7ms)
			SetLoadedEditorAssemblies (10ms)
			BeforeProcessingInitializeOnLoad (259ms)
			ProcessInitializeOnLoadAttributes (602ms)
			ProcessInitializeOnLoadMethodAttributes (80ms)
			AfterProcessingInitializeOnLoad (12ms)
			EditorAssembliesLoaded (0ms)
		ExecutionOrderSort2 (0ms)
		AwakeInstancesAfterBackupRestoration (9ms)
Launched and connected shader compiler UnityShaderCompiler.exe after 0.04 seconds
Refreshing native plugins compatible for Editor in 2.09 ms, found 3 plugins.
Preloading 0 native plugins for Editor in 0.00 ms.
Unloading 14 Unused Serialized files (Serialized files now loaded: 0)
Unloading 6126 unused Assets / (4.7 MB). Loaded Objects now: 6819.
Memory consumption went from 130.4 MB to 125.8 MB.
Total: 18.642700 ms (FindLiveObjects: 1.826100 ms CreateObjectMapping: 2.315000 ms MarkObjects: 9.101700 ms  DeleteObjects: 5.395400 ms)

========================================================================
Received Import Request.
  Time since last request: 907021.763388 seconds.
  path: Assets/InputSystem_Actions.inputactions
  artifactKey: Guid(052faaac586de48259a63d0c4782560b) Importer(815301076,1909f56bfc062723c751e8b465ee728b)
Start importing Assets/InputSystem_Actions.inputactions using Guid(052faaac586de48259a63d0c4782560b) Importer(815301076,1909f56bfc062723c751e8b465ee728b) (PreviewImporter) -> (artifact id: '01930f40487c8621e82f37946cdc2c76') in 0.0456871 seconds
Number of updated asset objects reloaded before import = 0Number of asset objects unloaded after import = 20

========================================================================
Received Import Request.
  Time since last request: 56.929326 seconds.
  path: Assets/InputSystem_Actions.inputactions
  artifactKey: Guid(052faaac586de48259a63d0c4782560b) Importer(2089858483,192608db42251d675da83286b1cce702)
Start importing Assets/InputSystem_Actions.inputactions using Guid(052faaac586de48259a63d0c4782560b) Importer(2089858483,192608db42251d675da83286b1cce702) (ScriptedImporter) -> (artifact id: '6d3b2041c5aa45413803b651df6b2083') in 0.7687252 seconds
Number of updated asset objects reloaded before import = 0Number of asset objects unloaded after import = 22

========================================================================
Received Import Request.
  Time since last request: 0.000058 seconds.
  path: Assets/Settings/SampleSceneProfile.asset
  artifactKey: Guid(10fc4df2da32a41aaa32d77bc913491c) Importer(2089858483,192608db42251d675da83286b1cce702)
Start importing Assets/Settings/SampleSceneProfile.asset using Guid(10fc4df2da32a41aaa32d77bc913491c) Importer(2089858483,192608db42251d675da83286b1cce702) (ScriptedImporter) -> (artifact id: '37b02440ca6362fe15507d8e0e26af71') in 0.0501482 seconds
Number of updated asset objects reloaded before import = 0Number of asset objects unloaded after import = 1

========================================================================
Received Import Request.
  Time since last request: 0.000145 seconds.
  path: Assets/Settings/PC_RPAsset.asset
  artifactKey: Guid(4b83569d67af61e458304325a23e5dfd) Importer(2089858483,192608db42251d675da83286b1cce702)
Start importing Assets/Settings/PC_RPAsset.asset using Guid(4b83569d67af61e458304325a23e5dfd) Importer(2089858483,192608db42251d675da83286b1cce702) (ScriptedImporter) -> (artifact id: '3fda026ff95a0a2ad94aab298451546f') in 0.1997425 seconds
Number of updated asset objects reloaded before import = 0Number of asset objects unloaded after import = 1

========================================================================
Received Import Request.
  Time since last request: 0.000033 seconds.
  path: Assets/TutorialInfo/Icons/URP.png
  artifactKey: Guid(727a75301c3d24613a3ebcec4a24c2c8) Importer(2089858483,192608db42251d675da83286b1cce702)
Start importing Assets/TutorialInfo/Icons/URP.png using Guid(727a75301c3d24613a3ebcec4a24c2c8) Importer(2089858483,192608db42251d675da83286b1cce702) (ScriptedImporter) -> (artifact id: '52a6dda834cfd380b06307add884aa97') in 0.1319386 seconds
Number of updated asset objects reloaded before import = 0Number of asset objects unloaded after import = 1

========================================================================
Received Import Request.
  Time since last request: 0.000046 seconds.
  path: Assets/Settings/DefaultVolumeProfile.asset
  artifactKey: Guid(ab09877e2e707104187f6f83e2f62510) Importer(2089858483,192608db42251d675da83286b1cce702)
Start importing Assets/Settings/DefaultVolumeProfile.asset using Guid(ab09877e2e707104187f6f83e2f62510) Importer(2089858483,192608db42251d675da83286b1cce702) (ScriptedImporter) -> (artifact id: '76e6b9898c134064354baec91f68a256') in 0.0254884 seconds
Number of updated asset objects reloaded before import = 0Number of asset objects unloaded after import = 0

========================================================================
Received Import Request.
  Time since last request: 0.000033 seconds.
  path: Assets/TutorialInfo/Scripts/Readme.cs
  artifactKey: Guid(fcf7219bab7fe46a1ad266029b2fee19) Importer(2089858483,192608db42251d675da83286b1cce702)
Start importing Assets/TutorialInfo/Scripts/Readme.cs using Guid(fcf7219bab7fe46a1ad266029b2fee19) Importer(2089858483,192608db42251d675da83286b1cce702) (ScriptedImporter) -> (artifact id: '0542b81c26138ef0fb33e8ce1e25c877') in 0.0319193 seconds
Number of updated asset objects reloaded before import = 0Number of asset objects unloaded after import = 0

========================================================================
Received Import Request.
  Time since last request: 43.185099 seconds.
  path: Assets/PQAssets/Query-Chan/Materials/mat_Face_NORMAL_EYECLOSE_MOUTHCLOSE.mat
  artifactKey: Guid(895172404c8e34587b1482146f1fb244) Importer(2089858483,192608db42251d675da83286b1cce702)
Start importing Assets/PQAssets/Query-Chan/Materials/mat_Face_NORMAL_EYECLOSE_MOUTHCLOSE.mat using Guid(895172404c8e34587b1482146f1fb244) Importer(2089858483,192608db42251d675da83286b1cce702) (ScriptedImporter) -> (artifact id: '170c1b0d02d4313a3ff5fb420ed827ff') in 0.0498293 seconds
Number of updated asset objects reloaded before import = 0Number of asset objects unloaded after import = 2

========================================================================
Received Import Request.
  Time since last request: 0.000041 seconds.
  path: Assets/PQAssets/Query-Chan/Textures/Background/bg_player.png
  artifactKey: Guid(5acce5df3efc54407b39905ad1c511c2) Importer(2089858483,192608db42251d675da83286b1cce702)
Start importing Assets/PQAssets/Query-Chan/Textures/Background/bg_player.png using Guid(5acce5df3efc54407b39905ad1c511c2) Importer(2089858483,192608db42251d675da83286b1cce702) (ScriptedImporter) -> (artifact id: '119bb9bef3f1f84e28e222eb12ab306c') in 0.0380632 seconds
Number of updated asset objects reloaded before import = 0Number of asset objects unloaded after import = 1

========================================================================
Received Import Request.
  Time since last request: 0.000056 seconds.
  path: Assets/PQAssets/Query-Chan/Sounds/Voice/02_Shouts/No.wav
  artifactKey: Guid(05ce607fa41a94712aadd79b6178c9c4) Importer(2089858483,192608db42251d675da83286b1cce702)
Start importing Assets/PQAssets/Query-Chan/Sounds/Voice/02_Shouts/No.wav using Guid(05ce607fa41a94712aadd79b6178c9c4) Importer(2089858483,192608db42251d675da83286b1cce702) (ScriptedImporter) -> (artifact id: '51bd796cf266c088bb874e99492b3d68') in 0.0782329 seconds
Number of updated asset objects reloaded before import = 0Number of asset objects unloaded after import = 1

========================================================================
Received Import Request.
  Time since last request: 0.000031 seconds.
  path: Assets/PQAssets/Query-Chan/Sounds/Voice/01_Greetings/Greeting_02.wav
  artifactKey: Guid(f56b4bc5a44bd4fd6b6ddf55bdf3e370) Importer(2089858483,192608db42251d675da83286b1cce702)
Start importing Assets/PQAssets/Query-Chan/Sounds/Voice/01_Greetings/Greeting_02.wav using Guid(f56b4bc5a44bd4fd6b6ddf55bdf3e370) Importer(2089858483,192608db42251d675da83286b1cce702) (ScriptedImporter) -> (artifact id: '2dd8011761175333dcc1cb292ad5b08d') in 0.0626994 seconds
Number of updated asset objects reloaded before import = 0Number of asset objects unloaded after import = 1

========================================================================
Received Import Request.
  Time since last request: 0.000057 seconds.
  path: Assets/PQAssets/Query-Chan/Textures/tex_Face_Sad_p2.tga
  artifactKey: Guid(75d4d2179f9f94156b7948d069c9cbc4) Importer(2089858483,192608db42251d675da83286b1cce702)
Start importing Assets/PQAssets/Query-Chan/Textures/tex_Face_Sad_p2.tga using Guid(75d4d2179f9f94156b7948d069c9cbc4) Importer(2089858483,192608db42251d675da83286b1cce702) (ScriptedImporter) -> (artifact id: '5a9dc65040191a4f5ee357cee033c9d3') in 0.0345912 seconds
Number of updated asset objects reloaded before import = 0Number of asset objects unloaded after import = 1

========================================================================
Received Import Request.
  Time since last request: 0.000039 seconds.
  path: Assets/PQAssets/Query-Chan/Textures/tex_Face_Surprised_p3.tga
  artifactKey: Guid(1da3c01094a8f4a87959b41f6d2c2f38) Importer(2089858483,192608db42251d675da83286b1cce702)
Start importing Assets/PQAssets/Query-Chan/Textures/tex_Face_Surprised_p3.tga using Guid(1da3c01094a8f4a87959b41f6d2c2f38) Importer(2089858483,192608db42251d675da83286b1cce702) (ScriptedImporter) -> (artifact id: 'a8975f5b2f4e1976acb2e4e67e1fa4ef') in 0.0355124 seconds
Number of updated asset objects reloaded before import = 0Number of asset objects unloaded after import = 1

========================================================================
Received Import Request.
  Time since last request: 0.000043 seconds.
  path: Assets/PQAssets/Query-Chan/Materials/mat_SkeltonBlue.mat
  artifactKey: Guid(48d32965ecd2e4f23aef19440f80a28c) Importer(2089858483,192608db42251d675da83286b1cce702)
Start importing Assets/PQAssets/Query-Chan/Materials/mat_SkeltonBlue.mat using Guid(48d32965ecd2e4f23aef19440f80a28c) Importer(2089858483,192608db42251d675da83286b1cce702) (ScriptedImporter) -> (artifact id: '236fc8572656c02aa4aea51a6e3ad5a4') in 0.0785799 seconds
Number of updated asset objects reloaded before import = 0Number of asset objects unloaded after import = 3

========================================================================
Received Import Request.
  Time since last request: 0.000038 seconds.
  path: Assets/PQAssets/Query-Chan/Textures/Background
  artifactKey: Guid(fec3b8c4227654f3fa3df9c4f47a9ccf) Importer(2089858483,192608db42251d675da83286b1cce702)
Start importing Assets/PQAssets/Query-Chan/Textures/Background using Guid(fec3b8c4227654f3fa3df9c4f47a9ccf) Importer(2089858483,192608db42251d675da83286b1cce702) (ScriptedImporter) -> (artifact id: '8d4081590ff5f73a99690940ee1d4305') in 0.0255058 seconds
Number of updated asset objects reloaded before import = 0Number of asset objects unloaded after import = 1

========================================================================
Received Import Request.
  Time since last request: 0.000039 seconds.
  path: Assets/PQAssets/Query-Chan/Textures/Background/bg_christmas.png
  artifactKey: Guid(d489912bc831c4ddb898bbe7a677e308) Importer(2089858483,192608db42251d675da83286b1cce702)
Start importing Assets/PQAssets/Query-Chan/Textures/Background/bg_christmas.png using Guid(d489912bc831c4ddb898bbe7a677e308) Importer(2089858483,192608db42251d675da83286b1cce702) (ScriptedImporter) -> (artifact id: 'b3ae13b71dc5385f56f29bbb8889226a') in 0.0370589 seconds
Number of updated asset objects reloaded before import = 0Number of asset objects unloaded after import = 1

========================================================================
Received Import Request.
  Time since last request: 0.000042 seconds.
  path: Assets/PQAssets/Query-Chan/Sounds/Voice/03_Others/Sleepy.wav
  artifactKey: Guid(4f44599fd1e224be095540519bb9cecc) Importer(2089858483,192608db42251d675da83286b1cce702)
Start importing Assets/PQAssets/Query-Chan/Sounds/Voice/03_Others/Sleepy.wav using Guid(4f44599fd1e224be095540519bb9cecc) Importer(2089858483,192608db42251d675da83286b1cce702) (ScriptedImporter) -> (artifact id: '319c1955ce2184c2b533769dbcafd79a') in 0.0589447 seconds
Number of updated asset objects reloaded before import = 0Number of asset objects unloaded after import = 1

========================================================================
Received Import Request.
  Time since last request: 0.000031 seconds.
  path: Assets/PQAssets/Query-Chan/Sounds/Voice/03_Others/Energy.wav
  artifactKey: Guid(fee07623d3c9b494ab6269ac9f995b2e) Importer(2089858483,192608db42251d675da83286b1cce702)
Start importing Assets/PQAssets/Query-Chan/Sounds/Voice/03_Others/Energy.wav using Guid(fee07623d3c9b494ab6269ac9f995b2e) Importer(2089858483,192608db42251d675da83286b1cce702) (ScriptedImporter) -> (artifact id: 'f4c3bc03ce185ccf8eeb980de030af33') in 0.0552659 seconds
Number of updated asset objects reloaded before import = 0Number of asset objects unloaded after import = 1

========================================================================
Received Import Request.
  Time since last request: 0.000045 seconds.
  path: Assets/PQAssets/Query-Chan/Sounds/Voice/01_Greetings/Good_Morning.wav
  artifactKey: Guid(2125bb7ace32944168719d429b4e45ff) Importer(2089858483,192608db42251d675da83286b1cce702)
Start importing Assets/PQAssets/Query-Chan/Sounds/Voice/01_Greetings/Good_Morning.wav using Guid(2125bb7ace32944168719d429b4e45ff) Importer(2089858483,192608db42251d675da83286b1cce702) (ScriptedImporter) -> (artifact id: '6f0d9539121e3fc648aa56663d46721e') in 0.0596254 seconds
Number of updated asset objects reloaded before import = 0Number of asset objects unloaded after import = 1

========================================================================
Received Import Request.
  Time since last request: 0.000038 seconds.
  path: Assets/PQAssets/Query-Chan/Sounds/Voice/02_Shouts/One_Two.wav
  artifactKey: Guid(bd0a4629fdbd8439b887eec07145e7d6) Importer(2089858483,192608db42251d675da83286b1cce702)
Start importing Assets/PQAssets/Query-Chan/Sounds/Voice/02_Shouts/One_Two.wav using Guid(bd0a4629fdbd8439b887eec07145e7d6) Importer(2089858483,192608db42251d675da83286b1cce702) (ScriptedImporter) -> (artifact id: 'bed0c6de07456a5b1df5ea08fc15db40') in 0.0628285 seconds
Number of updated asset objects reloaded before import = 0Number of asset objects unloaded after import = 1

========================================================================
Received Import Request.
  Time since last request: 0.000031 seconds.
  path: Assets/PQAssets/Query-Chan/Documents
  artifactKey: Guid(87fe5a296d5df4d97a865ca6e17ffaa4) Importer(2089858483,192608db42251d675da83286b1cce702)
Start importing Assets/PQAssets/Query-Chan/Documents using Guid(87fe5a296d5df4d97a865ca6e17ffaa4) Importer(2089858483,192608db42251d675da83286b1cce702) (ScriptedImporter) -> (artifact id: 'c3709c888c05f412cdc53ccebbcb61f0') in 0.0240386 seconds
Number of updated asset objects reloaded before import = 0Number of asset objects unloaded after import = 1

========================================================================
Received Import Request.
  Time since last request: 0.000042 seconds.
  path: Assets/PQAssets/Query-Chan/Textures/tex_Face_Anger_p2.tga
  artifactKey: Guid(22dfb05d884f34a8a9ed6097db3bd65e) Importer(2089858483,192608db42251d675da83286b1cce702)
Start importing Assets/PQAssets/Query-Chan/Textures/tex_Face_Anger_p2.tga using Guid(22dfb05d884f34a8a9ed6097db3bd65e) Importer(2089858483,192608db42251d675da83286b1cce702) (ScriptedImporter) -> (artifact id: '1f5ab3fcd65a7c2cc4fe19ea979cc5cd') in 0.0429402 seconds
Number of updated asset objects reloaded before import = 0Number of asset objects unloaded after import = 1

========================================================================
Received Import Request.
  Time since last request: 0.000028 seconds.
  path: Assets/PQAssets/Query-Chan/Materials/mat_Face_SURPRISED_EYECLOSE_MOUTHCLOSE.mat
  artifactKey: Guid(e71a266dd310a4b54a8ab7232d1eca6b) Importer(2089858483,192608db42251d675da83286b1cce702)
Start importing Assets/PQAssets/Query-Chan/Materials/mat_Face_SURPRISED_EYECLOSE_MOUTHCLOSE.mat using Guid(e71a266dd310a4b54a8ab7232d1eca6b) Importer(2089858483,192608db42251d675da83286b1cce702) (ScriptedImporter) -> (artifact id: 'e1678656bd52d868d41aa43a99bee449') in 0.0324938 seconds
Number of updated asset objects reloaded before import = 0Number of asset objects unloaded after import = 2

========================================================================
Received Import Request.
  Time since last request: 0.000030 seconds.
  path: Assets/PQAssets/Query-Chan
  artifactKey: Guid(404fe761a6427497e8b5a5035c8f2a5a) Importer(2089858483,192608db42251d675da83286b1cce702)
Start importing Assets/PQAssets/Query-Chan using Guid(404fe761a6427497e8b5a5035c8f2a5a) Importer(2089858483,192608db42251d675da83286b1cce702) (ScriptedImporter) -> (artifact id: '2f79a5fe828bd3eebce764fe8cd22ea0') in 0.0250625 seconds
Number of updated asset objects reloaded before import = 0Number of asset objects unloaded after import = 1

========================================================================
Received Import Request.
  Time since last request: 0.000047 seconds.
  path: Assets/PQAssets/Query-Chan/Textures/tex_Cube_Top.tga
  artifactKey: Guid(ae06d16e36664564382df3b9c88cfcd8) Importer(2089858483,192608db42251d675da83286b1cce702)
Start importing Assets/PQAssets/Query-Chan/Textures/tex_Cube_Top.tga using Guid(ae06d16e36664564382df3b9c88cfcd8) Importer(2089858483,192608db42251d675da83286b1cce702) (ScriptedImporter) -> (artifact id: '3b4a97fad7b414535b39c0097211e765') in 0.0366298 seconds
Number of updated asset objects reloaded before import = 0Number of asset objects unloaded after import = 1

========================================================================
Received Import Request.
  Time since last request: 0.000025 seconds.
  path: Assets/PQAssets/Query-Chan/Sounds/Voice/03_Others/Safe.wav
  artifactKey: Guid(ef10c7ddbda3d49cb91f1f9daef05d2a) Importer(2089858483,192608db42251d675da83286b1cce702)
Start importing Assets/PQAssets/Query-Chan/Sounds/Voice/03_Others/Safe.wav using Guid(ef10c7ddbda3d49cb91f1f9daef05d2a) Importer(2089858483,192608db42251d675da83286b1cce702) (ScriptedImporter) -> (artifact id: 'ecd252f17ff92d26b6b16c6de493d692') in 0.0612066 seconds
Number of updated asset objects reloaded before import = 0Number of asset objects unloaded after import = 1

========================================================================
Received Import Request.
  Time since last request: 0.000041 seconds.
  path: Assets/PQAssets/Query-Chan/Shaders/PQ_VertexShadow.shader
  artifactKey: Guid(99c6a888b44e54c48925f1226a7c68c3) Importer(2089858483,192608db42251d675da83286b1cce702)
Start importing Assets/PQAssets/Query-Chan/Shaders/PQ_VertexShadow.shader using Guid(99c6a888b44e54c48925f1226a7c68c3) Importer(2089858483,192608db42251d675da83286b1cce702) (ScriptedImporter) -> (artifact id: '49f69b198f37a616c3e079820b7daf30') in 0.03643 seconds
Number of updated asset objects reloaded before import = 0Number of asset objects unloaded after import = 1

========================================================================
Received Import Request.
  Time since last request: 0.000052 seconds.
  path: Assets/PQAssets/Query-Chan/Textures/tex_Face_Anger_p4.tga
  artifactKey: Guid(de16a0d1ea3644725a97f59af561410a) Importer(2089858483,192608db42251d675da83286b1cce702)
Start importing Assets/PQAssets/Query-Chan/Textures/tex_Face_Anger_p4.tga using Guid(de16a0d1ea3644725a97f59af561410a) Importer(2089858483,192608db42251d675da83286b1cce702) (ScriptedImporter) -> (artifact id: '2f1e142a3fd1d51e1f7fa0aa8f605d69') in 0.0600674 seconds
Number of updated asset objects reloaded before import = 0Number of asset objects unloaded after import = 1

========================================================================
Received Import Request.
  Time since last request: 0.000036 seconds.
  path: Assets/PQAssets/Query-Chan/Sounds/Voice/03_Others/Are_You_OK.wav
  artifactKey: Guid(2f7cb356feeb447e899d60ceaa5b15cc) Importer(2089858483,192608db42251d675da83286b1cce702)
Start importing Assets/PQAssets/Query-Chan/Sounds/Voice/03_Others/Are_You_OK.wav using Guid(2f7cb356feeb447e899d60ceaa5b15cc) Importer(2089858483,192608db42251d675da83286b1cce702) (ScriptedImporter) -> (artifact id: '286d34508dfc514518e72b5074144fa0') in 0.0671757 seconds
Number of updated asset objects reloaded before import = 0Number of asset objects unloaded after import = 1

========================================================================
Received Import Request.
  Time since last request: 0.000043 seconds.
  path: Assets/PQAssets/Query-Chan/Textures/Background/bg_halloween.png
  artifactKey: Guid(1a8ee64e7157541e99bad7e6a0dbe5a6) Importer(2089858483,192608db42251d675da83286b1cce702)
Start importing Assets/PQAssets/Query-Chan/Textures/Background/bg_halloween.png using Guid(1a8ee64e7157541e99bad7e6a0dbe5a6) Importer(2089858483,192608db42251d675da83286b1cce702) (ScriptedImporter) -> (artifact id: '0c7be8a6223f4091d27fc842776c6256') in 0.0445351 seconds
Number of updated asset objects reloaded before import = 0Number of asset objects unloaded after import = 1

========================================================================
Received Import Request.
  Time since last request: 0.000047 seconds.
  path: Assets/PQAssets/Query-Chan/Sounds/Voice/01_Greetings/Have_A_Nice_Day.wav
  artifactKey: Guid(74c2679e23af840d9b19e21341331001) Importer(2089858483,192608db42251d675da83286b1cce702)
Start importing Assets/PQAssets/Query-Chan/Sounds/Voice/01_Greetings/Have_A_Nice_Day.wav using Guid(74c2679e23af840d9b19e21341331001) Importer(2089858483,192608db42251d675da83286b1cce702) (ScriptedImporter) -> (artifact id: '577f0892ce4b32ba18cdddabf34d78e2') in 0.0619144 seconds
Number of updated asset objects reloaded before import = 0Number of asset objects unloaded after import = 1

========================================================================
Received Import Request.
  Time since last request: 0.000029 seconds.
  path: Assets/PQAssets/Query-Chan/Sounds/Voice/02_Shouts/No_Desu.wav
  artifactKey: Guid(e70f6410e5d2f4ddc8b2854316da3ac9) Importer(2089858483,192608db42251d675da83286b1cce702)
Start importing Assets/PQAssets/Query-Chan/Sounds/Voice/02_Shouts/No_Desu.wav using Guid(e70f6410e5d2f4ddc8b2854316da3ac9) Importer(2089858483,192608db42251d675da83286b1cce702) (ScriptedImporter) -> (artifact id: '4d766c4a3b99fd4de614bed4b366e236') in 0.0715976 seconds
Number of updated asset objects reloaded before import = 0Number of asset objects unloaded after import = 1

========================================================================
Received Import Request.
  Time since last request: 0.000042 seconds.
  path: Assets/PQAssets/Query-Chan/Sounds/Voice/02_Shouts/Lets_Start.wav
  artifactKey: Guid(fca9847c6920643cc917195f4c0578cf) Importer(2089858483,192608db42251d675da83286b1cce702)
Start importing Assets/PQAssets/Query-Chan/Sounds/Voice/02_Shouts/Lets_Start.wav using Guid(fca9847c6920643cc917195f4c0578cf) Importer(2089858483,192608db42251d675da83286b1cce702) (ScriptedImporter) -> (artifact id: '8aec3685e414ad071ae12465cae24e1c') in 0.0623706 seconds
Number of updated asset objects reloaded before import = 0Number of asset objects unloaded after import = 1

========================================================================
Received Import Request.
  Time since last request: 0.000053 seconds.
  path: Assets/PQAssets/Query-Chan/Materials/mat_Face_FUN_EYEOPEN_MOUTHOPEN.mat
  artifactKey: Guid(c96a878a43a1e499bb4bc39e587f529f) Importer(2089858483,192608db42251d675da83286b1cce702)
Start importing Assets/PQAssets/Query-Chan/Materials/mat_Face_FUN_EYEOPEN_MOUTHOPEN.mat using Guid(c96a878a43a1e499bb4bc39e587f529f) Importer(2089858483,192608db42251d675da83286b1cce702) (ScriptedImporter) -> (artifact id: '676fda403ad757966c38c157f260faf5') in 0.0288696 seconds
Number of updated asset objects reloaded before import = 0Number of asset objects unloaded after import = 2

========================================================================
Received Import Request.
  Time since last request: 0.000054 seconds.
  path: Assets/PQAssets/Query-Chan/Sounds/Voice/02_Shouts/Yes.wav
  artifactKey: Guid(647dedf00148446f99f770ce674af360) Importer(2089858483,192608db42251d675da83286b1cce702)
Start importing Assets/PQAssets/Query-Chan/Sounds/Voice/02_Shouts/Yes.wav using Guid(647dedf00148446f99f770ce674af360) Importer(2089858483,192608db42251d675da83286b1cce702) (ScriptedImporter) -> (artifact id: '6406469295848831a5b07e2739560e2c') in 0.0577253 seconds
Number of updated asset objects reloaded before import = 0Number of asset objects unloaded after import = 1

========================================================================
Received Import Request.
  Time since last request: 0.000030 seconds.
  path: Assets/PQAssets/Query-Chan/Sounds/Voice/02_Shouts/Surprised.wav
  artifactKey: Guid(b50f2bd3c574e4fbb8505587192bac42) Importer(2089858483,192608db42251d675da83286b1cce702)
Start importing Assets/PQAssets/Query-Chan/Sounds/Voice/02_Shouts/Surprised.wav using Guid(b50f2bd3c574e4fbb8505587192bac42) Importer(2089858483,192608db42251d675da83286b1cce702) (ScriptedImporter) -> (artifact id: '623093609cbd1258d9de30434064677d') in 0.0646868 seconds
Number of updated asset objects reloaded before import = 0Number of asset objects unloaded after import = 1

========================================================================
Received Import Request.
  Time since last request: 0.000056 seconds.
  path: Assets/PQAssets/Query-Chan/Sounds/Voice/03_Others/AI.wav
  artifactKey: Guid(570a5d3b3eac4468bb325e85fcd4c099) Importer(2089858483,192608db42251d675da83286b1cce702)
Start importing Assets/PQAssets/Query-Chan/Sounds/Voice/03_Others/AI.wav using Guid(570a5d3b3eac4468bb325e85fcd4c099) Importer(2089858483,192608db42251d675da83286b1cce702) (ScriptedImporter) -> (artifact id: '598912a95844ea799177b69bdc8a7ea2') in 0.0676254 seconds
Number of updated asset objects reloaded before import = 0Number of asset objects unloaded after import = 1

========================================================================
Received Import Request.
  Time since last request: 0.000042 seconds.
  path: Assets/PQAssets/Query-Chan/Sounds/Voice/02_Shouts/Domo.wav
  artifactKey: Guid(37e19c0896ca04fdba5f579238a14262) Importer(2089858483,192608db42251d675da83286b1cce702)
Start importing Assets/PQAssets/Query-Chan/Sounds/Voice/02_Shouts/Domo.wav using Guid(37e19c0896ca04fdba5f579238a14262) Importer(2089858483,192608db42251d675da83286b1cce702) (ScriptedImporter) -> (artifact id: '22ac624264c25ea4438b47626183fb4f') in 0.059759 seconds
Number of updated asset objects reloaded before import = 0Number of asset objects unloaded after import = 1

========================================================================
Received Import Request.
  Time since last request: 0.000057 seconds.
  path: Assets/PQAssets/Query-Chan/Textures/tex_Face_Surprised_p4.tga
  artifactKey: Guid(5b77a745b398b45b5a78e0b605a5ef29) Importer(2089858483,192608db42251d675da83286b1cce702)
Start importing Assets/PQAssets/Query-Chan/Textures/tex_Face_Surprised_p4.tga using Guid(5b77a745b398b45b5a78e0b605a5ef29) Importer(2089858483,192608db42251d675da83286b1cce702) (ScriptedImporter) -> (artifact id: '775e7d6838052ea743fcf7cb78d7db5f') in 0.0398036 seconds
Number of updated asset objects reloaded before import = 0Number of asset objects unloaded after import = 1

========================================================================
Received Import Request.
  Time since last request: 0.000054 seconds.
  path: Assets/PQAssets/Query-Chan/Textures/tex_Face_Fun_p3.tga
  artifactKey: Guid(306b3344d11b24117b317782d111c8bd) Importer(2089858483,192608db42251d675da83286b1cce702)
Start importing Assets/PQAssets/Query-Chan/Textures/tex_Face_Fun_p3.tga using Guid(306b3344d11b24117b317782d111c8bd) Importer(2089858483,192608db42251d675da83286b1cce702) (ScriptedImporter) -> (artifact id: '7db5520f0a08c43b4ff2f697c9027c21') in 0.0419591 seconds
Number of updated asset objects reloaded before import = 0Number of asset objects unloaded after import = 1

========================================================================
Received Import Request.
  Time since last request: 0.000038 seconds.
  path: Assets/PQAssets/Query-Chan/Sounds/Voice/03_Others/Angry.wav
  artifactKey: Guid(9ae5e65a4bf15433daf18ae7059407fc) Importer(2089858483,192608db42251d675da83286b1cce702)
Start importing Assets/PQAssets/Query-Chan/Sounds/Voice/03_Others/Angry.wav using Guid(9ae5e65a4bf15433daf18ae7059407fc) Importer(2089858483,192608db42251d675da83286b1cce702) (ScriptedImporter) -> (artifact id: '54f2c4264cb6ad26b9eac6aa0e0d5cd1') in 0.0652142 seconds
Number of updated asset objects reloaded before import = 0Number of asset objects unloaded after import = 1

========================================================================
Received Import Request.
  Time since last request: 0.000046 seconds.
  path: Assets/PQAssets/Query-Chan/Textures/tex_Face_Normal_p1.tga
  artifactKey: Guid(338f7ecc45d00432aa703bd6a77d8fe3) Importer(2089858483,192608db42251d675da83286b1cce702)
Start importing Assets/PQAssets/Query-Chan/Textures/tex_Face_Normal_p1.tga using Guid(338f7ecc45d00432aa703bd6a77d8fe3) Importer(2089858483,192608db42251d675da83286b1cce702) (ScriptedImporter) -> (artifact id: '66e00c4727e44b6ed4d05fa3bb1798c5') in 0.0451872 seconds
Number of updated asset objects reloaded before import = 0Number of asset objects unloaded after import = 1

========================================================================
Received Import Request.
  Time since last request: 0.000051 seconds.
  path: Assets/PQAssets/Query-Chan/Sounds/Voice/02_Shouts
  artifactKey: Guid(d209e7214ee374227bbfade5eb67db85) Importer(2089858483,192608db42251d675da83286b1cce702)
Start importing Assets/PQAssets/Query-Chan/Sounds/Voice/02_Shouts using Guid(d209e7214ee374227bbfade5eb67db85) Importer(2089858483,192608db42251d675da83286b1cce702) (ScriptedImporter) -> (artifact id: '2bd203431c2e7ad124aaa1670fd57f1d') in 0.0255693 seconds
Number of updated asset objects reloaded before import = 0Number of asset objects unloaded after import = 1

========================================================================
Received Import Request.
  Time since last request: 0.000025 seconds.
  path: Assets/PQAssets/Query-Chan/Materials/mat_Face_NORMAL_EYEOPEN_MOUTHOPEN.mat
  artifactKey: Guid(dce39454257ef4b408e188a94d87aa52) Importer(2089858483,192608db42251d675da83286b1cce702)
Start importing Assets/PQAssets/Query-Chan/Materials/mat_Face_NORMAL_EYEOPEN_MOUTHOPEN.mat using Guid(dce39454257ef4b408e188a94d87aa52) Importer(2089858483,192608db42251d675da83286b1cce702) (ScriptedImporter) -> (artifact id: '22ec80724b5262e63e6367fcd978c28f') in 0.0303178 seconds
Number of updated asset objects reloaded before import = 0Number of asset objects unloaded after import = 2

========================================================================
Received Import Request.
  Time since last request: 0.000039 seconds.
  path: Assets/PQAssets/Query-Chan/Sounds/Voice/02_Shouts/Decided.wav
  artifactKey: Guid(24f88eacef901467bbaa356a94a3664a) Importer(2089858483,192608db42251d675da83286b1cce702)
Start importing Assets/PQAssets/Query-Chan/Sounds/Voice/02_Shouts/Decided.wav using Guid(24f88eacef901467bbaa356a94a3664a) Importer(2089858483,192608db42251d675da83286b1cce702) (ScriptedImporter) -> (artifact id: 'e7ec4ec0c22738336740bab8af4c08dc') in 0.06091 seconds
Number of updated asset objects reloaded before import = 0Number of asset objects unloaded after import = 1

========================================================================
Received Import Request.
  Time since last request: 0.000043 seconds.
  path: Assets/PQAssets/Query-Chan/Textures/tex_Hair.tga
  artifactKey: Guid(077462e6fefd3304986e58826fdef91f) Importer(2089858483,192608db42251d675da83286b1cce702)
Start importing Assets/PQAssets/Query-Chan/Textures/tex_Hair.tga using Guid(077462e6fefd3304986e58826fdef91f) Importer(2089858483,192608db42251d675da83286b1cce702) (ScriptedImporter) -> (artifact id: 'f21ff4d93e8c5f747e70ac808d24a468') in 0.0485739 seconds
Number of updated asset objects reloaded before import = 0Number of asset objects unloaded after import = 1

========================================================================
Received Import Request.
  Time since last request: 0.000036 seconds.
  path: Assets/PQAssets/Query-Chan/Sounds/Voice/02_Shouts/Baaang.wav
  artifactKey: Guid(6243d72873fcb4db29a713de667222d2) Importer(2089858483,192608db42251d675da83286b1cce702)
Start importing Assets/PQAssets/Query-Chan/Sounds/Voice/02_Shouts/Baaang.wav using Guid(6243d72873fcb4db29a713de667222d2) Importer(2089858483,192608db42251d675da83286b1cce702) (ScriptedImporter) -> (artifact id: 'b4e527c356a7c0c9ac1395d867932bff') in 0.0629195 seconds
Number of updated asset objects reloaded before import = 0Number of asset objects unloaded after import = 1

========================================================================
Received Import Request.
  Time since last request: 0.000029 seconds.
  path: Assets/PQAssets/Query-Chan/Shaders/PQ_Halloween.shader
  artifactKey: Guid(a1fac496e4d8d41bc80f97404cf299dd) Importer(2089858483,192608db42251d675da83286b1cce702)
Start importing Assets/PQAssets/Query-Chan/Shaders/PQ_Halloween.shader using Guid(a1fac496e4d8d41bc80f97404cf299dd) Importer(2089858483,192608db42251d675da83286b1cce702) (ScriptedImporter) -> (artifact id: '14a9f2cec36521658acd5d40eaba61ee') in 0.0325701 seconds
Number of updated asset objects reloaded before import = 0Number of asset objects unloaded after import = 1

========================================================================
Received Import Request.
  Time since last request: 0.000046 seconds.
  path: Assets/PQAssets/Query-Chan/Sounds/Voice/02_Shouts/Dozo.wav
  artifactKey: Guid(bfaa8c22453bf419daaa1c22a5dc50c4) Importer(2089858483,192608db42251d675da83286b1cce702)
Start importing Assets/PQAssets/Query-Chan/Sounds/Voice/02_Shouts/Dozo.wav using Guid(bfaa8c22453bf419daaa1c22a5dc50c4) Importer(2089858483,192608db42251d675da83286b1cce702) (ScriptedImporter) -> (artifact id: '5c010da7b6190afaf6a2b0d8c5571f20') in 0.0632938 seconds
Number of updated asset objects reloaded before import = 0Number of asset objects unloaded after import = 1

========================================================================
Received Import Request.
  Time since last request: 0.000041 seconds.
  path: Assets/PQAssets/Query-Chan/Sounds/Voice/02_Shouts/Laughing.wav
  artifactKey: Guid(c9051e5fa5edb45a8b73c441ee9a32a6) Importer(2089858483,192608db42251d675da83286b1cce702)
Start importing Assets/PQAssets/Query-Chan/Sounds/Voice/02_Shouts/Laughing.wav using Guid(c9051e5fa5edb45a8b73c441ee9a32a6) Importer(2089858483,192608db42251d675da83286b1cce702) (ScriptedImporter) -> (artifact id: '1880535306e5e40fe2407366e3f5e45f') in 0.0878467 seconds
Number of updated asset objects reloaded before import = 0Number of asset objects unloaded after import = 1

========================================================================
Received Import Request.
  Time since last request: 0.000031 seconds.
  path: Assets/PQAssets/Query-Chan/Sounds/Voice/02_Shouts/Congratulations.wav
  artifactKey: Guid(1be5835fd1a9144d59a583744bcb4f3f) Importer(2089858483,192608db42251d675da83286b1cce702)
Start importing Assets/PQAssets/Query-Chan/Sounds/Voice/02_Shouts/Congratulations.wav using Guid(1be5835fd1a9144d59a583744bcb4f3f) Importer(2089858483,192608db42251d675da83286b1cce702) (ScriptedImporter) -> (artifact id: 'd2824dfae1e78056fbe9d72a44133566') in 0.0702512 seconds
Number of updated asset objects reloaded before import = 0Number of asset objects unloaded after import = 1

========================================================================
Received Import Request.
  Time since last request: 0.000054 seconds.
  path: Assets/PQchan.prefab
  artifactKey: Guid(9e645bc9b2b8eb247b7bc3a1107e24d1) Importer(2089858483,192608db42251d675da83286b1cce702)
Start importing Assets/PQchan.prefab using Guid(9e645bc9b2b8eb247b7bc3a1107e24d1) Importer(2089858483,192608db42251d675da83286b1cce702) (ScriptedImporter) -> (artifact id: 'f9e344669dec66e68ff52248675cc924') in 0.0668735 seconds
Number of updated asset objects reloaded before import = 0Number of asset objects unloaded after import = 136

========================================================================
Received Import Request.
  Time since last request: 0.000039 seconds.
  path: Assets/PQAssets/Query-Chan/Sounds
  artifactKey: Guid(c595dee1b840a4e5aacfc4d1eea1d8fe) Importer(2089858483,192608db42251d675da83286b1cce702)
Start importing Assets/PQAssets/Query-Chan/Sounds using Guid(c595dee1b840a4e5aacfc4d1eea1d8fe) Importer(2089858483,192608db42251d675da83286b1cce702) (ScriptedImporter) -> (artifact id: '2b04adb9727e0d05c5ded4552058636d') in 0.0491905 seconds
Number of updated asset objects reloaded before import = 0Number of asset objects unloaded after import = 1

========================================================================
Received Import Request.
  Time since last request: 0.000031 seconds.
  path: Assets/PQAssets/Query-Chan/Sounds/Voice/03_Others/Is_It_OK.wav
  artifactKey: Guid(c169b044500ca431293e5e57f816e8ac) Importer(2089858483,192608db42251d675da83286b1cce702)
Start importing Assets/PQAssets/Query-Chan/Sounds/Voice/03_Others/Is_It_OK.wav using Guid(c169b044500ca431293e5e57f816e8ac) Importer(2089858483,192608db42251d675da83286b1cce702) (ScriptedImporter) -> (artifact id: '1f0cda5fbdffd9ec921c59686e371775') in 0.069188 seconds
Number of updated asset objects reloaded before import = 0Number of asset objects unloaded after import = 1

========================================================================
Received Import Request.
  Time since last request: 0.000058 seconds.
  path: Assets/PQAssets/Query-Chan/Textures/tex_Cube_Back.tga
  artifactKey: Guid(04fb3551c59518545af812786cd51157) Importer(2089858483,192608db42251d675da83286b1cce702)
Start importing Assets/PQAssets/Query-Chan/Textures/tex_Cube_Back.tga using Guid(04fb3551c59518545af812786cd51157) Importer(2089858483,192608db42251d675da83286b1cce702) (ScriptedImporter) -> (artifact id: '3fa5738d66551af55719dbbb2c52c89c') in 0.0393004 seconds
Number of updated asset objects reloaded before import = 0Number of asset objects unloaded after import = 1

========================================================================
Received Prepare
Refreshing native plugins compatible for Editor in 21.63 ms, found 3 plugins.
Preloading 0 native plugins for Editor in 0.00 ms.
Unloading 26 Unused Serialized files (Serialized files now loaded: 0)
Unloading 6131 unused Assets / (14.0 MB). Loaded Objects now: 6823.
Memory consumption went from 137.7 MB to 123.7 MB.
Total: 30.939100 ms (FindLiveObjects: 1.170300 ms CreateObjectMapping: 1.404700 ms MarkObjects: 13.471800 ms  DeleteObjects: 14.890000 ms)

Prepare: number of updated asset objects reloaded= 0
========================================================================
Received Import Request.
  Time since last request: 330.308109 seconds.
  path: Assets/Scripts/QueryChanController.cs
  artifactKey: Guid(7b70c5bc2a1679b49b0dc67f23e3395a) Importer(815301076,1909f56bfc062723c751e8b465ee728b)
Start importing Assets/Scripts/QueryChanController.cs using Guid(7b70c5bc2a1679b49b0dc67f23e3395a) Importer(815301076,1909f56bfc062723c751e8b465ee728b) (PreviewImporter) -> (artifact id: '174c1c9300d3a1ccc41a16b5180ad65a') in 0.003574 seconds
Number of updated asset objects reloaded before import = 0Number of asset objects unloaded after import = 0

========================================================================
Received Prepare
Begin MonoManager ReloadAssembly
[Licensing::Client] Successfully resolved entitlement details
[Licensing::Module] License group:
  Id: F4-ARP4-2TZD-3CUN-ZGFA-XXXX
  Product: Unity Personal
  Type: ULF
  Expiration: 2025-12-22T02:44:26Z
[Licensing::Module] License group:
  Id: 14569691882734-UnityPersXXXX
  Product: Unity Personal
  Type: Assigned
  Expiration: Unlimited
- Loaded All Assemblies, in  2.362 seconds
Refreshing native plugins compatible for Editor in 4.18 ms, found 3 plugins.
Native extension for WindowsStandalone target not found
Native extension for WebGL target not found
[Package Manager] Failed to launch server process. Reason: Unity was launched with the -noUpm command-line argument
[Package Manager] Unable to send message (not connected to server process).
[Package Manager] Cannot connect to Unity Package Manager local server
Mono: successfully reloaded assembly
- Finished resetting the current domain, in  1.926 seconds
Domain Reload Profiling: 4284ms
	BeginReloadAssembly (899ms)
		ExecutionOrderSort (0ms)
		DisableScriptedObjects (37ms)
		BackupInstance (0ms)
		ReleaseScriptingObjects (0ms)
		CreateAndSetChildDomain (324ms)
	RebuildCommonClasses (97ms)
	RebuildNativeTypeToScriptingClass (28ms)
	initialDomainReloadingComplete (76ms)
	LoadAllAssembliesAndSetupDomain (1256ms)
		LoadAssemblies (1082ms)
		RebuildTransferFunctionScriptingTraits (0ms)
		AnalyzeDomain (512ms)
			TypeCache.Refresh (28ms)
				TypeCache.ScanAssembly (1ms)
			BuildScriptInfoCaches (446ms)
			ResolveRequiredComponents (25ms)
	FinalizeReload (1927ms)
		ReleaseScriptCaches (0ms)
		RebuildScriptCaches (0ms)
		SetupLoadedEditorAssemblies (1450ms)
			LogAssemblyErrors (0ms)
			InitializePlatformSupportModulesInManaged (7ms)
			SetLoadedEditorAssemblies (11ms)
			BeforeProcessingInitializeOnLoad (307ms)
			ProcessInitializeOnLoadAttributes (973ms)
			ProcessInitializeOnLoadMethodAttributes (134ms)
			AfterProcessingInitializeOnLoad (17ms)
			EditorAssembliesLoaded (1ms)
		ExecutionOrderSort2 (0ms)
		AwakeInstancesAfterBackupRestoration (33ms)
Refreshing native plugins compatible for Editor in 4.47 ms, found 3 plugins.
Preloading 0 native plugins for Editor in 0.00 ms.
Unloading 26 Unused Serialized files (Serialized files now loaded: 0)
Unloading 6135 unused Assets / (14.0 MB). Loaded Objects now: 6839.
Memory consumption went from 143.0 MB to 129.0 MB.
Total: 37.867700 ms (FindLiveObjects: 2.041300 ms CreateObjectMapping: 3.329900 ms MarkObjects: 12.680300 ms  DeleteObjects: 19.812400 ms)

Prepare: number of updated asset objects reloaded= 0
========================================================================
Received Prepare
Begin MonoManager ReloadAssembly
[Licensing::Client] Successfully resolved entitlement details
[Licensing::Module] License group:
  Id: F4-ARP4-2TZD-3CUN-ZGFA-XXXX
  Product: Unity Personal
  Type: ULF
  Expiration: 2025-12-22T02:44:26Z
[Licensing::Module] License group:
  Id: 14569691882734-UnityPersXXXX
  Product: Unity Personal
  Type: Assigned
  Expiration: Unlimited
- Loaded All Assemblies, in  1.762 seconds
Refreshing native plugins compatible for Editor in 2.54 ms, found 3 plugins.
Native extension for WindowsStandalone target not found
Native extension for WebGL target not found
[Package Manager] Failed to launch server process. Reason: Unity was launched with the -noUpm command-line argument
[Package Manager] Unable to send message (not connected to server process).
[Package Manager] Cannot connect to Unity Package Manager local server
Mono: successfully reloaded assembly
- Finished resetting the current domain, in  1.510 seconds
Domain Reload Profiling: 3263ms
	BeginReloadAssembly (413ms)
		ExecutionOrderSort (0ms)
		DisableScriptedObjects (16ms)
		BackupInstance (0ms)
		ReleaseScriptingObjects (0ms)
		CreateAndSetChildDomain (93ms)
	RebuildCommonClasses (77ms)
	RebuildNativeTypeToScriptingClass (27ms)
	initialDomainReloadingComplete (84ms)
	LoadAllAssembliesAndSetupDomain (1151ms)
		LoadAssemblies (971ms)
		RebuildTransferFunctionScriptingTraits (0ms)
		AnalyzeDomain (371ms)
			TypeCache.Refresh (17ms)
				TypeCache.ScanAssembly (1ms)
			BuildScriptInfoCaches (330ms)
			ResolveRequiredComponents (17ms)
	FinalizeReload (1511ms)
		ReleaseScriptCaches (0ms)
		RebuildScriptCaches (0ms)
		SetupLoadedEditorAssemblies (1206ms)
			LogAssemblyErrors (0ms)
			InitializePlatformSupportModulesInManaged (6ms)
			SetLoadedEditorAssemblies (11ms)
			BeforeProcessingInitializeOnLoad (277ms)
			ProcessInitializeOnLoadAttributes (757ms)
			ProcessInitializeOnLoadMethodAttributes (137ms)
			AfterProcessingInitializeOnLoad (17ms)
			EditorAssembliesLoaded (1ms)
		ExecutionOrderSort2 (0ms)
		AwakeInstancesAfterBackupRestoration (43ms)
Refreshing native plugins compatible for Editor in 3.15 ms, found 3 plugins.
Preloading 0 native plugins for Editor in 0.00 ms.
Unloading 26 Unused Serialized files (Serialized files now loaded: 0)
Unloading 6135 unused Assets / (14.0 MB). Loaded Objects now: 6842.
Memory consumption went from 143.0 MB to 129.0 MB.
Total: 26.520900 ms (FindLiveObjects: 1.125700 ms CreateObjectMapping: 1.328400 ms MarkObjects: 8.007800 ms  DeleteObjects: 16.056400 ms)

Prepare: number of updated asset objects reloaded= 0
========================================================================
Received Import Request.
  Time since last request: 781.282317 seconds.
  path: Assets/PQAssets/Query-Chan/Textures/Background/bg_halloween.png
  artifactKey: Guid(1a8ee64e7157541e99bad7e6a0dbe5a6) Importer(815301076,1909f56bfc062723c751e8b465ee728b)
Start importing Assets/PQAssets/Query-Chan/Textures/Background/bg_halloween.png using Guid(1a8ee64e7157541e99bad7e6a0dbe5a6) Importer(815301076,1909f56bfc062723c751e8b465ee728b) (PreviewImporter) -> (artifact id: '431a305274a1a738a7cb523bd3265fc1') in 0.2151852 seconds
Number of updated asset objects reloaded before import = 0Number of asset objects unloaded after import = 2

========================================================================
Received Import Request.
  Time since last request: 0.000042 seconds.
  path: Assets/PQAssets/Query-Chan/Textures/icon/icon_query_1.png
  artifactKey: Guid(8f28b4bf2d0e04ebb90e9c12721eb1c0) Importer(815301076,1909f56bfc062723c751e8b465ee728b)
Start importing Assets/PQAssets/Query-Chan/Textures/icon/icon_query_1.png using Guid(8f28b4bf2d0e04ebb90e9c12721eb1c0) Importer(815301076,1909f56bfc062723c751e8b465ee728b) (PreviewImporter) -> (artifact id: '0aba6e5e10770d7fa1ef6cb8092125d9') in 0.0491454 seconds
Number of updated asset objects reloaded before import = 0Number of asset objects unloaded after import = 2

========================================================================
Received Import Request.
  Time since last request: 0.000067 seconds.
  path: Assets/Terrain Textures/Grass.png
  artifactKey: Guid(c54f2942b4a974977bab77cb6fbc1b81) Importer(815301076,1909f56bfc062723c751e8b465ee728b)
Start importing Assets/Terrain Textures/Grass.png using Guid(c54f2942b4a974977bab77cb6fbc1b81) Importer(815301076,1909f56bfc062723c751e8b465ee728b) (PreviewImporter) -> (artifact id: 'e1c10e9826d908441e374be7ff57d64b') in 0.0399173 seconds
Number of updated asset objects reloaded before import = 0Number of asset objects unloaded after import = 2

========================================================================
Received Import Request.
  Time since last request: 0.000040 seconds.
  path: Assets/PQAssets/Query-Chan/Materials/Cubemap.cubemap
  artifactKey: Guid(321830d96cfc73d498b84a968053862f) Importer(815301076,1909f56bfc062723c751e8b465ee728b)
Start importing Assets/PQAssets/Query-Chan/Materials/Cubemap.cubemap using Guid(321830d96cfc73d498b84a968053862f) Importer(815301076,1909f56bfc062723c751e8b465ee728b) (PreviewImporter) -> (artifact id: 'c1cdd743030d79b58f03d38b0659ce4f') in 1.5474884 seconds
Number of updated asset objects reloaded before import = 0Number of asset objects unloaded after import = 1

========================================================================
Received Import Request.
  Time since last request: 0.000081 seconds.
  path: Assets/PQAssets/Query-Chan/Textures/tex_Face_Sad_p3.tga
  artifactKey: Guid(ee8d9fb8999b84fc693f375bfacaa3e8) Importer(815301076,1909f56bfc062723c751e8b465ee728b)
Start importing Assets/PQAssets/Query-Chan/Textures/tex_Face_Sad_p3.tga using Guid(ee8d9fb8999b84fc693f375bfacaa3e8) Importer(815301076,1909f56bfc062723c751e8b465ee728b) (PreviewImporter) -> (artifact id: 'a841421dde55d1d15af2d62b7b1f6300') in 0.0529757 seconds
Number of updated asset objects reloaded before import = 0Number of asset objects unloaded after import = 2

========================================================================
Received Import Request.
  Time since last request: 0.000094 seconds.
  path: Assets/PQAssets/Query-Chan/Textures/tex_Face_Normal_p3.tga
  artifactKey: Guid(3a24a64da515c4a70ad5153d5f4695e7) Importer(815301076,1909f56bfc062723c751e8b465ee728b)
Start importing Assets/PQAssets/Query-Chan/Textures/tex_Face_Normal_p3.tga using Guid(3a24a64da515c4a70ad5153d5f4695e7) Importer(815301076,1909f56bfc062723c751e8b465ee728b) (PreviewImporter) -> (artifact id: 'da9b59d21458608afb72c409b614a43a') in 0.041018 seconds
Number of updated asset objects reloaded before import = 0Number of asset objects unloaded after import = 2

========================================================================
Received Import Request.
  Time since last request: 0.000068 seconds.
  path: Assets/PQAssets/Query-Chan/Textures/tex_Face_Normal_p4.tga
  artifactKey: Guid(fe390f81628d84dfc81dfee26ed38c73) Importer(815301076,1909f56bfc062723c751e8b465ee728b)
Start importing Assets/PQAssets/Query-Chan/Textures/tex_Face_Normal_p4.tga using Guid(fe390f81628d84dfc81dfee26ed38c73) Importer(815301076,1909f56bfc062723c751e8b465ee728b) (PreviewImporter) -> (artifact id: '241973f7bb85714394ef924f06154511') in 0.0425703 seconds
Number of updated asset objects reloaded before import = 0Number of asset objects unloaded after import = 2

========================================================================
Received Import Request.
  Time since last request: 0.000055 seconds.
  path: Assets/PQAssets/Query-Chan/Textures/tex_Face_Normal_p2.tga
  artifactKey: Guid(83cb81247c912414f9301804221a78b8) Importer(815301076,1909f56bfc062723c751e8b465ee728b)
Start importing Assets/PQAssets/Query-Chan/Textures/tex_Face_Normal_p2.tga using Guid(83cb81247c912414f9301804221a78b8) Importer(815301076,1909f56bfc062723c751e8b465ee728b) (PreviewImporter) -> (artifact id: 'cbf3e877098d8b7ec260bf609a0a09d3') in 0.0371535 seconds
Number of updated asset objects reloaded before import = 0Number of asset objects unloaded after import = 2

========================================================================
Received Import Request.
  Time since last request: 0.000092 seconds.
  path: Assets/PQAssets/Query-Chan/Textures/tex_Face_Surprised_p4mid.tga
  artifactKey: Guid(79acdc2e407e24db1ac32789d4c5ea78) Importer(815301076,1909f56bfc062723c751e8b465ee728b)
Start importing Assets/PQAssets/Query-Chan/Textures/tex_Face_Surprised_p4mid.tga using Guid(79acdc2e407e24db1ac32789d4c5ea78) Importer(815301076,1909f56bfc062723c751e8b465ee728b) (PreviewImporter) -> (artifact id: 'c13706b64b9d13867dd3acc58e9b8630') in 0.0465583 seconds
Number of updated asset objects reloaded before import = 0Number of asset objects unloaded after import = 2

========================================================================
Received Import Request.
  Time since last request: 0.000185 seconds.
  path: Assets/TutorialInfo/Icons/URP.png
  artifactKey: Guid(727a75301c3d24613a3ebcec4a24c2c8) Importer(815301076,1909f56bfc062723c751e8b465ee728b)
Start importing Assets/TutorialInfo/Icons/URP.png using Guid(727a75301c3d24613a3ebcec4a24c2c8) Importer(815301076,1909f56bfc062723c751e8b465ee728b) (PreviewImporter) -> (artifact id: '45e887ec2a5a8224b4af03f9e629a1e6') in 0.0435943 seconds
Number of updated asset objects reloaded before import = 0Number of asset objects unloaded after import = 2

========================================================================
Received Import Request.
  Time since last request: 0.000085 seconds.
  path: Assets/PQAssets/Query-Chan/Textures/tex_Face_Fun_p4.tga
  artifactKey: Guid(36014f15a93a94e319cc0b2ef8309926) Importer(815301076,1909f56bfc062723c751e8b465ee728b)
Start importing Assets/PQAssets/Query-Chan/Textures/tex_Face_Fun_p4.tga using Guid(36014f15a93a94e319cc0b2ef8309926) Importer(815301076,1909f56bfc062723c751e8b465ee728b) (PreviewImporter) -> (artifact id: 'd9418af8d3a2921794402c20b7eee474') in 0.0454114 seconds
Number of updated asset objects reloaded before import = 0Number of asset objects unloaded after import = 2

========================================================================
Received Import Request.
  Time since last request: 0.000066 seconds.
  path: Assets/PQAssets/Query-Chan/Textures/tex_Face_Normal_p1.tga
  artifactKey: Guid(338f7ecc45d00432aa703bd6a77d8fe3) Importer(815301076,1909f56bfc062723c751e8b465ee728b)
Start importing Assets/PQAssets/Query-Chan/Textures/tex_Face_Normal_p1.tga using Guid(338f7ecc45d00432aa703bd6a77d8fe3) Importer(815301076,1909f56bfc062723c751e8b465ee728b) (PreviewImporter) -> (artifact id: '7437ac702f041bd2e3709e9c16956d2e') in 0.0420764 seconds
Number of updated asset objects reloaded before import = 0Number of asset objects unloaded after import = 2

========================================================================
Received Import Request.
  Time since last request: 0.000082 seconds.
  path: Assets/PQAssets/Query-Chan/Textures/tex_Cube_Back.tga
  artifactKey: Guid(04fb3551c59518545af812786cd51157) Importer(815301076,1909f56bfc062723c751e8b465ee728b)
Start importing Assets/PQAssets/Query-Chan/Textures/tex_Cube_Back.tga using Guid(04fb3551c59518545af812786cd51157) Importer(815301076,1909f56bfc062723c751e8b465ee728b) (PreviewImporter) -> (artifact id: 'ff7200311100a3bd1fbcae141c115922') in 0.0445644 seconds
Number of updated asset objects reloaded before import = 0Number of asset objects unloaded after import = 2

========================================================================
Received Import Request.
  Time since last request: 0.000084 seconds.
  path: Assets/PQAssets/Query-Chan/Textures/tex_Face_Surprised_p4.tga
  artifactKey: Guid(5b77a745b398b45b5a78e0b605a5ef29) Importer(815301076,1909f56bfc062723c751e8b465ee728b)
Start importing Assets/PQAssets/Query-Chan/Textures/tex_Face_Surprised_p4.tga using Guid(5b77a745b398b45b5a78e0b605a5ef29) Importer(815301076,1909f56bfc062723c751e8b465ee728b) (PreviewImporter) -> (artifact id: '2b3d0afad03f52347368d663072644a8') in 0.0610815 seconds
Number of updated asset objects reloaded before import = 0Number of asset objects unloaded after import = 2

========================================================================
Received Import Request.
  Time since last request: 0.000072 seconds.
  path: Assets/PQAssets/Query-Chan/Textures/tex_Face_Anger_p2.tga
  artifactKey: Guid(22dfb05d884f34a8a9ed6097db3bd65e) Importer(815301076,1909f56bfc062723c751e8b465ee728b)
Start importing Assets/PQAssets/Query-Chan/Textures/tex_Face_Anger_p2.tga using Guid(22dfb05d884f34a8a9ed6097db3bd65e) Importer(815301076,1909f56bfc062723c751e8b465ee728b) (PreviewImporter) -> (artifact id: '60176095bc3655ae5b03ccecf3eecadb') in 0.0495921 seconds
Number of updated asset objects reloaded before import = 0Number of asset objects unloaded after import = 2

========================================================================
Received Import Request.
  Time since last request: 0.000072 seconds.
  path: Assets/PQAssets/Query-Chan/Textures/tex_Face_Sad_p1.tga
  artifactKey: Guid(0ba4ba313577d41b3949fd6727e959e5) Importer(815301076,1909f56bfc062723c751e8b465ee728b)
Start importing Assets/PQAssets/Query-Chan/Textures/tex_Face_Sad_p1.tga using Guid(0ba4ba313577d41b3949fd6727e959e5) Importer(815301076,1909f56bfc062723c751e8b465ee728b) (PreviewImporter) -> (artifact id: 'a57097ac5da2a04bf5796978a69d9b33') in 0.0410792 seconds
Number of updated asset objects reloaded before import = 0Number of asset objects unloaded after import = 2

========================================================================
Received Import Request.
  Time since last request: 0.000063 seconds.
  path: Assets/Terrain Textures/Sand.png
  artifactKey: Guid(716d58bc8d65d40bda04e29827389061) Importer(815301076,1909f56bfc062723c751e8b465ee728b)
Start importing Assets/Terrain Textures/Sand.png using Guid(716d58bc8d65d40bda04e29827389061) Importer(815301076,1909f56bfc062723c751e8b465ee728b) (PreviewImporter) -> (artifact id: '80171879d4e85fd5195df2ed584c41cf') in 0.0402678 seconds
Number of updated asset objects reloaded before import = 0Number of asset objects unloaded after import = 2

========================================================================
Received Import Request.
  Time since last request: 0.000792 seconds.
  path: Assets/PQAssets/Query-Chan/Textures/tex_Face_Anger_p4.tga
  artifactKey: Guid(de16a0d1ea3644725a97f59af561410a) Importer(815301076,1909f56bfc062723c751e8b465ee728b)
Start importing Assets/PQAssets/Query-Chan/Textures/tex_Face_Anger_p4.tga using Guid(de16a0d1ea3644725a97f59af561410a) Importer(815301076,1909f56bfc062723c751e8b465ee728b) (PreviewImporter) -> (artifact id: '63009c8335f629a21143f73e8e297388') in 0.1177513 seconds
Number of updated asset objects reloaded before import = 0Number of asset objects unloaded after import = 2

========================================================================
Received Import Request.
  Time since last request: 0.000151 seconds.
  path: Assets/PQAssets/Query-Chan/Textures/tex_Face_Surprised_p1.tga
  artifactKey: Guid(1ce5dd3d6499a4a5d878c1c0346de52c) Importer(815301076,1909f56bfc062723c751e8b465ee728b)
Start importing Assets/PQAssets/Query-Chan/Textures/tex_Face_Surprised_p1.tga using Guid(1ce5dd3d6499a4a5d878c1c0346de52c) Importer(815301076,1909f56bfc062723c751e8b465ee728b) (PreviewImporter) -> (artifact id: 'a35ab9fe76b4ef7d5bb6ada49abfe4b8') in 0.0515286 seconds
Number of updated asset objects reloaded before import = 0Number of asset objects unloaded after import = 2

========================================================================
Received Import Request.
  Time since last request: 0.000087 seconds.
  path: Assets/PQAssets/Query-Chan/Textures/tex_Face_Sad_p2.tga
  artifactKey: Guid(75d4d2179f9f94156b7948d069c9cbc4) Importer(815301076,1909f56bfc062723c751e8b465ee728b)
Start importing Assets/PQAssets/Query-Chan/Textures/tex_Face_Sad_p2.tga using Guid(75d4d2179f9f94156b7948d069c9cbc4) Importer(815301076,1909f56bfc062723c751e8b465ee728b) (PreviewImporter) -> (artifact id: '7f0bae4c69cdcc4c5df4a374a6c00815') in 0.0520035 seconds
Number of updated asset objects reloaded before import = 0Number of asset objects unloaded after import = 2

========================================================================
Received Prepare
Begin MonoManager ReloadAssembly
[Licensing::Client] Successfully resolved entitlement details
[Licensing::Module] License group:
  Id: F4-ARP4-2TZD-3CUN-ZGFA-XXXX
  Product: Unity Personal
  Type: ULF
  Expiration: 2025-12-22T02:44:26Z
[Licensing::Module] License group:
  Id: 14569691882734-UnityPersXXXX
  Product: Unity Personal
  Type: Assigned
  Expiration: Unlimited
- Loaded All Assemblies, in  1.240 seconds
Refreshing native plugins compatible for Editor in 2.01 ms, found 3 plugins.
Native extension for WindowsStandalone target not found
Native extension for WebGL target not found
[Package Manager] Failed to launch server process. Reason: Unity was launched with the -noUpm command-line argument
[Package Manager] Unable to send message (not connected to server process).
[Package Manager] Cannot connect to Unity Package Manager local server
Mono: successfully reloaded assembly
- Finished resetting the current domain, in  1.181 seconds
Domain Reload Profiling: 2415ms
	BeginReloadAssembly (355ms)
		ExecutionOrderSort (0ms)
		DisableScriptedObjects (36ms)
		BackupInstance (0ms)
		ReleaseScriptingObjects (0ms)
		CreateAndSetChildDomain (79ms)
	RebuildCommonClasses (57ms)
	RebuildNativeTypeToScriptingClass (18ms)
	initialDomainReloadingComplete (53ms)
	LoadAllAssembliesAndSetupDomain (750ms)
		LoadAssemblies (636ms)
		RebuildTransferFunctionScriptingTraits (0ms)
		AnalyzeDomain (271ms)
			TypeCache.Refresh (9ms)
				TypeCache.ScanAssembly (0ms)
			BuildScriptInfoCaches (238ms)
			ResolveRequiredComponents (18ms)
	FinalizeReload (1182ms)
		ReleaseScriptCaches (0ms)
		RebuildScriptCaches (0ms)
		SetupLoadedEditorAssemblies (925ms)
			LogAssemblyErrors (0ms)
			InitializePlatformSupportModulesInManaged (4ms)
			SetLoadedEditorAssemblies (10ms)
			BeforeProcessingInitializeOnLoad (199ms)
			ProcessInitializeOnLoadAttributes (592ms)
			ProcessInitializeOnLoadMethodAttributes (106ms)
			AfterProcessingInitializeOnLoad (13ms)
			EditorAssembliesLoaded (1ms)
		ExecutionOrderSort2 (0ms)
		AwakeInstancesAfterBackupRestoration (33ms)
Refreshing native plugins compatible for Editor in 2.84 ms, found 3 plugins.
Preloading 0 native plugins for Editor in 0.00 ms.
Unloading 26 Unused Serialized files (Serialized files now loaded: 0)
Unloading 6135 unused Assets / (14.0 MB). Loaded Objects now: 6904.
Memory consumption went from 155.8 MB to 141.8 MB.
Total: 32.758200 ms (FindLiveObjects: 2.086100 ms CreateObjectMapping: 2.431700 ms MarkObjects: 10.304200 ms  DeleteObjects: 17.932300 ms)

Prepare: number of updated asset objects reloaded= 0
========================================================================
Received Prepare
Begin MonoManager ReloadAssembly
[Licensing::Client] Successfully resolved entitlement details
[Licensing::Module] License group:
  Id: F4-ARP4-2TZD-3CUN-ZGFA-XXXX
  Product: Unity Personal
  Type: ULF
  Expiration: 2025-12-22T02:44:26Z
[Licensing::Module] License group:
  Id: 14569691882734-UnityPersXXXX
  Product: Unity Personal
  Type: Assigned
  Expiration: Unlimited
- Loaded All Assemblies, in  1.191 seconds
Refreshing native plugins compatible for Editor in 2.07 ms, found 3 plugins.
Native extension for WindowsStandalone target not found
Native extension for WebGL target not found
[Package Manager] Failed to launch server process. Reason: Unity was launched with the -noUpm command-line argument
[Package Manager] Unable to send message (not connected to server process).
[Package Manager] Cannot connect to Unity Package Manager local server
Mono: successfully reloaded assembly
- Finished resetting the current domain, in  1.398 seconds
Domain Reload Profiling: 2585ms
	BeginReloadAssembly (319ms)
		ExecutionOrderSort (0ms)
		DisableScriptedObjects (16ms)
		BackupInstance (0ms)
		ReleaseScriptingObjects (0ms)
		CreateAndSetChildDomain (70ms)
	RebuildCommonClasses (53ms)
	RebuildNativeTypeToScriptingClass (18ms)
	initialDomainReloadingComplete (48ms)
	LoadAllAssembliesAndSetupDomain (747ms)
		LoadAssemblies (615ms)
		RebuildTransferFunctionScriptingTraits (0ms)
		AnalyzeDomain (278ms)
			TypeCache.Refresh (9ms)
				TypeCache.ScanAssembly (0ms)
			BuildScriptInfoCaches (249ms)
			ResolveRequiredComponents (14ms)
	FinalizeReload (1399ms)
		ReleaseScriptCaches (0ms)
		RebuildScriptCaches (0ms)
		SetupLoadedEditorAssemblies (1131ms)
			LogAssemblyErrors (0ms)
			InitializePlatformSupportModulesInManaged (4ms)
			SetLoadedEditorAssemblies (8ms)
			BeforeProcessingInitializeOnLoad (214ms)
			ProcessInitializeOnLoadAttributes (761ms)
			ProcessInitializeOnLoadMethodAttributes (130ms)
			AfterProcessingInitializeOnLoad (14ms)
			EditorAssembliesLoaded (1ms)
		ExecutionOrderSort2 (0ms)
		AwakeInstancesAfterBackupRestoration (37ms)
Refreshing native plugins compatible for Editor in 2.91 ms, found 3 plugins.
Preloading 0 native plugins for Editor in 0.00 ms.
Unloading 26 Unused Serialized files (Serialized files now loaded: 0)
Unloading 6135 unused Assets / (13.6 MB). Loaded Objects now: 6907.
Memory consumption went from 155.7 MB to 142.1 MB.
Total: 29.336900 ms (FindLiveObjects: 1.541000 ms CreateObjectMapping: 1.700000 ms MarkObjects: 9.508200 ms  DeleteObjects: 16.584800 ms)

Prepare: number of updated asset objects reloaded= 0
========================================================================
Received Prepare
Begin MonoManager ReloadAssembly
- Loaded All Assemblies, in  1.202 seconds
Refreshing native plugins compatible for Editor in 2.55 ms, found 3 plugins.
Native extension for WindowsStandalone target not found
Native extension for WebGL target not found
[Package Manager] Failed to launch server process. Reason: Unity was launched with the -noUpm command-line argument
[Package Manager] Unable to send message (not connected to server process).
[Package Manager] Cannot connect to Unity Package Manager local server
Mono: successfully reloaded assembly
- Finished resetting the current domain, in  1.336 seconds
Domain Reload Profiling: 2534ms
	BeginReloadAssembly (317ms)
		ExecutionOrderSort (0ms)
		DisableScriptedObjects (13ms)
		BackupInstance (0ms)
		ReleaseScriptingObjects (0ms)
		CreateAndSetChildDomain (69ms)
	RebuildCommonClasses (55ms)
	RebuildNativeTypeToScriptingClass (19ms)
	initialDomainReloadingComplete (56ms)
	LoadAllAssembliesAndSetupDomain (750ms)
		LoadAssemblies (617ms)
		RebuildTransferFunctionScriptingTraits (0ms)
		AnalyzeDomain (279ms)
			TypeCache.Refresh (9ms)
				TypeCache.ScanAssembly (0ms)
			BuildScriptInfoCaches (248ms)
			ResolveRequiredComponents (15ms)
	FinalizeReload (1337ms)
		ReleaseScriptCaches (0ms)
		RebuildScriptCaches (0ms)
		SetupLoadedEditorAssemblies (1066ms)
			LogAssemblyErrors (0ms)
			InitializePlatformSupportModulesInManaged (4ms)
			SetLoadedEditorAssemblies (8ms)
			BeforeProcessingInitializeOnLoad (218ms)
			ProcessInitializeOnLoadAttributes (703ms)
			ProcessInitializeOnLoadMethodAttributes (118ms)
			AfterProcessingInitializeOnLoad (14ms)
			EditorAssembliesLoaded (1ms)
		ExecutionOrderSort2 (0ms)
		AwakeInstancesAfterBackupRestoration (37ms)
Refreshing native plugins compatible for Editor in 2.91 ms, found 3 plugins.
Preloading 0 native plugins for Editor in 0.00 ms.
Unloading 26 Unused Serialized files (Serialized files now loaded: 0)
Unloading 6135 unused Assets / (13.8 MB). Loaded Objects now: 6910.
Memory consumption went from 155.7 MB to 141.9 MB.
Total: 29.187300 ms (FindLiveObjects: 1.481600 ms CreateObjectMapping: 1.549100 ms MarkObjects: 8.647900 ms  DeleteObjects: 17.505900 ms)

Prepare: number of updated asset objects reloaded= 0
========================================================================
Received Prepare
Begin MonoManager ReloadAssembly
[Licensing::Client] Successfully resolved entitlement details
[Licensing::Module] License group:
  Id: F4-ARP4-2TZD-3CUN-ZGFA-XXXX
  Product: Unity Personal
  Type: ULF
  Expiration: 2025-12-22T02:44:26Z
[Licensing::Module] License group:
  Id: 14569691882734-UnityPersXXXX
  Product: Unity Personal
  Type: Assigned
  Expiration: Unlimited
- Loaded All Assemblies, in  1.149 seconds
Refreshing native plugins compatible for Editor in 2.23 ms, found 3 plugins.
Native extension for WindowsStandalone target not found
Native extension for WebGL target not found
[Package Manager] Failed to launch server process. Reason: Unity was launched with the -noUpm command-line argument
[Package Manager] Unable to send message (not connected to server process).
[Package Manager] Cannot connect to Unity Package Manager local server
Mono: successfully reloaded assembly
- Finished resetting the current domain, in  1.168 seconds
Domain Reload Profiling: 2315ms
	BeginReloadAssembly (304ms)
		ExecutionOrderSort (0ms)
		DisableScriptedObjects (9ms)
		BackupInstance (0ms)
		ReleaseScriptingObjects (0ms)
		CreateAndSetChildDomain (63ms)
	RebuildCommonClasses (51ms)
	RebuildNativeTypeToScriptingClass (18ms)
	initialDomainReloadingComplete (51ms)
	LoadAllAssembliesAndSetupDomain (722ms)
		LoadAssemblies (593ms)
		RebuildTransferFunctionScriptingTraits (0ms)
		AnalyzeDomain (276ms)
			TypeCache.Refresh (9ms)
				TypeCache.ScanAssembly (0ms)
			BuildScriptInfoCaches (245ms)
			ResolveRequiredComponents (14ms)
	FinalizeReload (1169ms)
		ReleaseScriptCaches (0ms)
		RebuildScriptCaches (0ms)
		SetupLoadedEditorAssemblies (926ms)
			LogAssemblyErrors (0ms)
			InitializePlatformSupportModulesInManaged (4ms)
			SetLoadedEditorAssemblies (9ms)
			BeforeProcessingInitializeOnLoad (214ms)
			ProcessInitializeOnLoadAttributes (584ms)
			ProcessInitializeOnLoadMethodAttributes (101ms)
			AfterProcessingInitializeOnLoad (14ms)
			EditorAssembliesLoaded (0ms)
		ExecutionOrderSort2 (0ms)
		AwakeInstancesAfterBackupRestoration (29ms)
Refreshing native plugins compatible for Editor in 3.05 ms, found 3 plugins.
Preloading 0 native plugins for Editor in 0.00 ms.
Unloading 26 Unused Serialized files (Serialized files now loaded: 0)
Unloading 6135 unused Assets / (13.7 MB). Loaded Objects now: 6913.
Memory consumption went from 155.8 MB to 142.1 MB.
Total: 26.057800 ms (FindLiveObjects: 1.578300 ms CreateObjectMapping: 1.795200 ms MarkObjects: 8.599800 ms  DeleteObjects: 14.082300 ms)

Prepare: number of updated asset objects reloaded= 0
